[29-May-2018 15:15:46 UTC] Array
(
    [rm_form_sub_id] => form_3_1
    [rm_form_sub_no] => 1
    [rm_cond_hidden_fields] => 
    [stat_id] => 173
    [username] => ggggg
    [pwd] => 123123123
    [password_confirmation] => 123123123
    [Email_13] => asda@eaaa.com
    [Fname_14] => tes
    [Lname_15] => test
    [Select_16] => Renter
    [Textbox_17] => ff
)

[29-May-2018 15:15:46 UTC] Is renter
[29-May-2018 15:15:47 UTC] Array
(
    [rm_form_sub_id] => form_3_1
    [rm_form_sub_no] => 1
    [rm_cond_hidden_fields] => 
    [stat_id] => 173
    [username] => ggggg
    [pwd] => 123123123
    [password_confirmation] => 123123123
    [Email_13] => asda@eaaa.com
    [Fname_14] => tes
    [Lname_15] => test
    [Select_16] => Renter
    [Textbox_17] => ff
)

[29-May-2018 15:16:52 UTC] Is renter
[29-May-2018 15:16:53 UTC] Is renter
[29-May-2018 15:17:37 UTC] Is renter
[29-May-2018 15:17:38 UTC] Is renter
[29-May-2018 15:23:49 UTC] PHP Notice:  Undefined variable: form_id_to_publish in E:\Projects\Airpix\wp-content\plugins\custom-registration-form-builder-with-submission-manager\admin\views\template_rm_formflow_publish.php on line 16
[29-May-2018 15:23:49 UTC] PHP Notice:  Undefined variable: form_id_to_publish in E:\Projects\Airpix\wp-content\plugins\custom-registration-form-builder-with-submission-manager\admin\views\template_rm_formflow_publish.php on line 49
[29-May-2018 15:23:49 UTC] PHP Notice:  Undefined variable: form_id_to_publish in E:\Projects\Airpix\wp-content\plugins\custom-registration-form-builder-with-submission-manager\admin\views\template_rm_formflow_publish.php on line 80
[29-May-2018 15:23:49 UTC] PHP Notice:  Undefined variable: form_id_to_publish in E:\Projects\Airpix\wp-content\plugins\custom-registration-form-builder-with-submission-manager\admin\views\template_rm_formflow_publish.php on line 94
[29-May-2018 15:33:19 UTC] PHP Notice:  Undefined variable: form_id_to_publish in E:\Projects\Airpix\wp-content\plugins\custom-registration-form-builder-with-submission-manager\admin\views\template_rm_formflow_publish.php on line 16
[29-May-2018 15:33:19 UTC] PHP Notice:  Undefined variable: form_id_to_publish in E:\Projects\Airpix\wp-content\plugins\custom-registration-form-builder-with-submission-manager\admin\views\template_rm_formflow_publish.php on line 49
[29-May-2018 15:33:19 UTC] PHP Notice:  Undefined variable: form_id_to_publish in E:\Projects\Airpix\wp-content\plugins\custom-registration-form-builder-with-submission-manager\admin\views\template_rm_formflow_publish.php on line 80
[29-May-2018 15:33:19 UTC] PHP Notice:  Undefined variable: form_id_to_publish in E:\Projects\Airpix\wp-content\plugins\custom-registration-form-builder-with-submission-manager\admin\views\template_rm_formflow_publish.php on line 94
